[Sat Apr 27 12:57:18.915039 2019] [ssl:warn] [pid 2660:tid 432] AH01909: technoshop.loc:443:0 server certificate does NOT include an ID which matches the server name
[Sat Apr 27 12:57:19.005859 2019] [ssl:warn] [pid 2660:tid 432] AH01909: technoshop.loc:443:0 server certificate does NOT include an ID which matches the server name
[Sat Apr 27 12:57:19.581054 2019] [ssl:warn] [pid 2020:tid 336] AH01909: technoshop.loc:443:0 server certificate does NOT include an ID which matches the server name
[Sat Apr 27 12:57:19.616210 2019] [ssl:warn] [pid 2020:tid 336] AH01909: technoshop.loc:443:0 server certificate does NOT include an ID which matches the server name
[Sat Apr 27 13:00:03.140625 2019] [ssl:warn] [pid 5944:tid 432] AH01909: technoshop.loc:443:0 server certificate does NOT include an ID which matches the server name
[Sat Apr 27 13:00:03.190429 2019] [ssl:warn] [pid 5944:tid 432] AH01909: technoshop.loc:443:0 server certificate does NOT include an ID which matches the server name
[Sat Apr 27 13:00:03.710937 2019] [ssl:warn] [pid 2060:tid 336] AH01909: technoshop.loc:443:0 server certificate does NOT include an ID which matches the server name
[Sat Apr 27 13:00:03.746093 2019] [ssl:warn] [pid 2060:tid 336] AH01909: technoshop.loc:443:0 server certificate does NOT include an ID which matches the server name
[Sun Apr 28 17:49:43.439453 2019] [ssl:warn] [pid 1444:tid 432] AH01909: technoshop.loc:443:0 server certificate does NOT include an ID which matches the server name
[Sun Apr 28 17:49:43.736328 2019] [ssl:warn] [pid 1444:tid 432] AH01909: technoshop.loc:443:0 server certificate does NOT include an ID which matches the server name
[Sun Apr 28 17:49:47.158203 2019] [ssl:warn] [pid 1920:tid 336] AH01909: technoshop.loc:443:0 server certificate does NOT include an ID which matches the server name
[Sun Apr 28 17:49:47.205078 2019] [ssl:warn] [pid 1920:tid 336] AH01909: technoshop.loc:443:0 server certificate does NOT include an ID which matches the server name
[Sun Apr 28 21:41:39.017578 2019] [ssl:warn] [pid 1424:tid 432] AH01909: technoshop.loc:443:0 server certificate does NOT include an ID which matches the server name
[Sun Apr 28 21:41:39.189453 2019] [ssl:warn] [pid 1424:tid 432] AH01909: technoshop.loc:443:0 server certificate does NOT include an ID which matches the server name
[Sun Apr 28 21:41:41.736328 2019] [ssl:warn] [pid 1792:tid 336] AH01909: technoshop.loc:443:0 server certificate does NOT include an ID which matches the server name
[Sun Apr 28 21:41:41.783203 2019] [ssl:warn] [pid 1792:tid 336] AH01909: technoshop.loc:443:0 server certificate does NOT include an ID which matches the server name
[Mon Apr 29 08:56:24.158203 2019] [ssl:warn] [pid 1440:tid 432] AH01909: technoshop.loc:443:0 server certificate does NOT include an ID which matches the server name
[Mon Apr 29 08:56:24.361328 2019] [ssl:warn] [pid 1440:tid 432] AH01909: technoshop.loc:443:0 server certificate does NOT include an ID which matches the server name
[Mon Apr 29 08:56:26.798828 2019] [ssl:warn] [pid 1820:tid 336] AH01909: technoshop.loc:443:0 server certificate does NOT include an ID which matches the server name
[Mon Apr 29 08:56:26.845703 2019] [ssl:warn] [pid 1820:tid 336] AH01909: technoshop.loc:443:0 server certificate does NOT include an ID which matches the server name
[Mon Apr 29 09:59:27.681640 2019] [ssl:warn] [pid 1444:tid 432] AH01909: technoshop.loc:443:0 server certificate does NOT include an ID which matches the server name
[Mon Apr 29 09:59:27.869140 2019] [ssl:warn] [pid 1444:tid 432] AH01909: technoshop.loc:443:0 server certificate does NOT include an ID which matches the server name
[Mon Apr 29 09:59:37.525390 2019] [ssl:warn] [pid 1640:tid 336] AH01909: technoshop.loc:443:0 server certificate does NOT include an ID which matches the server name
[Mon Apr 29 09:59:37.619140 2019] [ssl:warn] [pid 1640:tid 336] AH01909: technoshop.loc:443:0 server certificate does NOT include an ID which matches the server name
[Mon Apr 29 16:07:30.595703 2019] [ssl:warn] [pid 1436:tid 432] AH01909: technoshop.loc:443:0 server certificate does NOT include an ID which matches the server name
[Mon Apr 29 16:07:30.830078 2019] [ssl:warn] [pid 1436:tid 432] AH01909: technoshop.loc:443:0 server certificate does NOT include an ID which matches the server name
[Mon Apr 29 16:07:40.189453 2019] [ssl:warn] [pid 1348:tid 336] AH01909: technoshop.loc:443:0 server certificate does NOT include an ID which matches the server name
[Mon Apr 29 16:07:40.251953 2019] [ssl:warn] [pid 1348:tid 336] AH01909: technoshop.loc:443:0 server certificate does NOT include an ID which matches the server name
[Tue Apr 30 01:09:52.806640 2019] [ssl:warn] [pid 1440:tid 432] AH01909: technoshop.loc:443:0 server certificate does NOT include an ID which matches the server name
[Tue Apr 30 01:09:53.134765 2019] [ssl:warn] [pid 1440:tid 432] AH01909: technoshop.loc:443:0 server certificate does NOT include an ID which matches the server name
[Tue Apr 30 01:09:56.181640 2019] [ssl:warn] [pid 1904:tid 336] AH01909: technoshop.loc:443:0 server certificate does NOT include an ID which matches the server name
[Tue Apr 30 01:09:56.228515 2019] [ssl:warn] [pid 1904:tid 336] AH01909: technoshop.loc:443:0 server certificate does NOT include an ID which matches the server name
[Tue Apr 30 08:25:44.978515 2019] [ssl:warn] [pid 1432:tid 432] AH01909: technoshop.loc:443:0 server certificate does NOT include an ID which matches the server name
[Tue Apr 30 08:25:45.212890 2019] [ssl:warn] [pid 1432:tid 432] AH01909: technoshop.loc:443:0 server certificate does NOT include an ID which matches the server name
[Tue Apr 30 08:25:47.666015 2019] [ssl:warn] [pid 1804:tid 336] AH01909: technoshop.loc:443:0 server certificate does NOT include an ID which matches the server name
[Tue Apr 30 08:25:47.712890 2019] [ssl:warn] [pid 1804:tid 336] AH01909: technoshop.loc:443:0 server certificate does NOT include an ID which matches the server name
[Tue Apr 30 09:42:33.126953 2019] [ssl:warn] [pid 1452:tid 432] AH01909: technoshop.loc:443:0 server certificate does NOT include an ID which matches the server name
[Tue Apr 30 09:42:33.392578 2019] [ssl:warn] [pid 1452:tid 432] AH01909: technoshop.loc:443:0 server certificate does NOT include an ID which matches the server name
[Tue Apr 30 09:42:37.298828 2019] [ssl:warn] [pid 1912:tid 336] AH01909: technoshop.loc:443:0 server certificate does NOT include an ID which matches the server name
[Tue Apr 30 09:42:37.392578 2019] [ssl:warn] [pid 1912:tid 336] AH01909: technoshop.loc:443:0 server certificate does NOT include an ID which matches the server name
[Wed May 01 08:52:07.181640 2019] [ssl:warn] [pid 1436:tid 432] AH01909: technoshop.loc:443:0 server certificate does NOT include an ID which matches the server name
[Wed May 01 08:52:07.353515 2019] [ssl:warn] [pid 1436:tid 432] AH01909: technoshop.loc:443:0 server certificate does NOT include an ID which matches the server name
[Wed May 01 08:52:10.837890 2019] [ssl:warn] [pid 1912:tid 336] AH01909: technoshop.loc:443:0 server certificate does NOT include an ID which matches the server name
[Wed May 01 08:52:10.884765 2019] [ssl:warn] [pid 1912:tid 336] AH01909: technoshop.loc:443:0 server certificate does NOT include an ID which matches the server name
[Wed May 01 18:34:53.845703 2019] [ssl:warn] [pid 1444:tid 432] AH01909: technoshop.loc:443:0 server certificate does NOT include an ID which matches the server name
[Wed May 01 18:34:54.142578 2019] [ssl:warn] [pid 1444:tid 432] AH01909: technoshop.loc:443:0 server certificate does NOT include an ID which matches the server name
[Wed May 01 18:35:02.392578 2019] [ssl:warn] [pid 1988:tid 336] AH01909: technoshop.loc:443:0 server certificate does NOT include an ID which matches the server name
[Wed May 01 18:35:02.455078 2019] [ssl:warn] [pid 1988:tid 336] AH01909: technoshop.loc:443:0 server certificate does NOT include an ID which matches the server name
[Thu May 02 22:19:54.439453 2019] [ssl:warn] [pid 1408:tid 432] AH01909: technoshop.loc:443:0 server certificate does NOT include an ID which matches the server name
[Thu May 02 22:19:54.580078 2019] [ssl:warn] [pid 1408:tid 432] AH01909: technoshop.loc:443:0 server certificate does NOT include an ID which matches the server name
[Thu May 02 22:19:57.173828 2019] [ssl:warn] [pid 1796:tid 336] AH01909: technoshop.loc:443:0 server certificate does NOT include an ID which matches the server name
[Thu May 02 22:19:57.220703 2019] [ssl:warn] [pid 1796:tid 336] AH01909: technoshop.loc:443:0 server certificate does NOT include an ID which matches the server name
[Fri May 03 05:13:21.236328 2019] [ssl:warn] [pid 1436:tid 432] AH01909: technoshop.loc:443:0 server certificate does NOT include an ID which matches the server name
[Fri May 03 05:13:21.501953 2019] [ssl:warn] [pid 1436:tid 432] AH01909: technoshop.loc:443:0 server certificate does NOT include an ID which matches the server name
[Fri May 03 05:13:24.205078 2019] [ssl:warn] [pid 1828:tid 336] AH01909: technoshop.loc:443:0 server certificate does NOT include an ID which matches the server name
[Fri May 03 05:13:24.283203 2019] [ssl:warn] [pid 1828:tid 336] AH01909: technoshop.loc:443:0 server certificate does NOT include an ID which matches the server name
[Fri May 03 08:35:25.642578 2019] [ssl:warn] [pid 1436:tid 432] AH01909: technoshop.loc:443:0 server certificate does NOT include an ID which matches the server name
[Fri May 03 08:35:25.845703 2019] [ssl:warn] [pid 1436:tid 432] AH01909: technoshop.loc:443:0 server certificate does NOT include an ID which matches the server name
[Fri May 03 08:35:32.689453 2019] [ssl:warn] [pid 1064:tid 336] AH01909: technoshop.loc:443:0 server certificate does NOT include an ID which matches the server name
[Fri May 03 08:35:32.845703 2019] [ssl:warn] [pid 1064:tid 336] AH01909: technoshop.loc:443:0 server certificate does NOT include an ID which matches the server name
[Sat May 04 08:50:11.861328 2019] [ssl:warn] [pid 1436:tid 432] AH01909: technoshop.loc:443:0 server certificate does NOT include an ID which matches the server name
[Sat May 04 08:50:12.126953 2019] [ssl:warn] [pid 1436:tid 432] AH01909: technoshop.loc:443:0 server certificate does NOT include an ID which matches the server name
[Sat May 04 08:50:20.580078 2019] [ssl:warn] [pid 1548:tid 336] AH01909: technoshop.loc:443:0 server certificate does NOT include an ID which matches the server name
[Sat May 04 08:50:20.626953 2019] [ssl:warn] [pid 1548:tid 336] AH01909: technoshop.loc:443:0 server certificate does NOT include an ID which matches the server name
[Sat May 04 21:26:36.853515 2019] [ssl:warn] [pid 1448:tid 432] AH01909: technoshop.loc:443:0 server certificate does NOT include an ID which matches the server name
[Sat May 04 21:26:37.025390 2019] [ssl:warn] [pid 1448:tid 432] AH01909: technoshop.loc:443:0 server certificate does NOT include an ID which matches the server name
[Sat May 04 21:26:45.650390 2019] [ssl:warn] [pid 1680:tid 336] AH01909: technoshop.loc:443:0 server certificate does NOT include an ID which matches the server name
[Sat May 04 21:26:45.697265 2019] [ssl:warn] [pid 1680:tid 336] AH01909: technoshop.loc:443:0 server certificate does NOT include an ID which matches the server name
[Sat May 04 23:23:44.478515 2019] [ssl:warn] [pid 1444:tid 432] AH01909: technoshop.loc:443:0 server certificate does NOT include an ID which matches the server name
[Sat May 04 23:23:44.634765 2019] [ssl:warn] [pid 1444:tid 432] AH01909: technoshop.loc:443:0 server certificate does NOT include an ID which matches the server name
[Sat May 04 23:23:47.869140 2019] [ssl:warn] [pid 1912:tid 336] AH01909: technoshop.loc:443:0 server certificate does NOT include an ID which matches the server name
[Sat May 04 23:23:47.931640 2019] [ssl:warn] [pid 1912:tid 336] AH01909: technoshop.loc:443:0 server certificate does NOT include an ID which matches the server name
[Sun May 05 12:48:32.431640 2019] [ssl:warn] [pid 1432:tid 432] AH01909: technoshop.loc:443:0 server certificate does NOT include an ID which matches the server name
[Sun May 05 12:48:32.666015 2019] [ssl:warn] [pid 1432:tid 432] AH01909: technoshop.loc:443:0 server certificate does NOT include an ID which matches the server name
[Sun May 05 12:48:40.806640 2019] [ssl:warn] [pid 1584:tid 336] AH01909: technoshop.loc:443:0 server certificate does NOT include an ID which matches the server name
[Sun May 05 12:48:40.853515 2019] [ssl:warn] [pid 1584:tid 336] AH01909: technoshop.loc:443:0 server certificate does NOT include an ID which matches the server name
[Mon May 06 08:10:16.861328 2019] [ssl:warn] [pid 1444:tid 432] AH01909: technoshop.loc:443:0 server certificate does NOT include an ID which matches the server name
[Mon May 06 08:10:17.080078 2019] [ssl:warn] [pid 1444:tid 432] AH01909: technoshop.loc:443:0 server certificate does NOT include an ID which matches the server name
[Mon May 06 08:10:43.424804 2019] [ssl:warn] [pid 2296:tid 336] AH01909: technoshop.loc:443:0 server certificate does NOT include an ID which matches the server name
[Mon May 06 08:10:44.711914 2019] [ssl:warn] [pid 2296:tid 336] AH01909: technoshop.loc:443:0 server certificate does NOT include an ID which matches the server name
[Tue May 07 08:44:33.431640 2019] [ssl:warn] [pid 1412:tid 432] AH01909: technoshop.loc:443:0 server certificate does NOT include an ID which matches the server name
[Tue May 07 08:44:33.572265 2019] [ssl:warn] [pid 1412:tid 432] AH01909: technoshop.loc:443:0 server certificate does NOT include an ID which matches the server name
[Tue May 07 08:44:36.119140 2019] [ssl:warn] [pid 1804:tid 336] AH01909: technoshop.loc:443:0 server certificate does NOT include an ID which matches the server name
[Tue May 07 08:44:36.166015 2019] [ssl:warn] [pid 1804:tid 336] AH01909: technoshop.loc:443:0 server certificate does NOT include an ID which matches the server name
[Wed May 08 09:57:00.103515 2019] [ssl:warn] [pid 1424:tid 432] AH01909: technoshop.loc:443:0 server certificate does NOT include an ID which matches the server name
[Wed May 08 09:57:00.572265 2019] [ssl:warn] [pid 1424:tid 432] AH01909: technoshop.loc:443:0 server certificate does NOT include an ID which matches the server name
[Wed May 08 09:57:09.369140 2019] [ssl:warn] [pid 1492:tid 336] AH01909: technoshop.loc:443:0 server certificate does NOT include an ID which matches the server name
[Wed May 08 09:57:09.478515 2019] [ssl:warn] [pid 1492:tid 336] AH01909: technoshop.loc:443:0 server certificate does NOT include an ID which matches the server name
[Fri May 10 06:49:51.923828 2019] [ssl:warn] [pid 1440:tid 432] AH01909: technoshop.loc:443:0 server certificate does NOT include an ID which matches the server name
[Fri May 10 06:49:52.205078 2019] [ssl:warn] [pid 1440:tid 432] AH01909: technoshop.loc:443:0 server certificate does NOT include an ID which matches the server name
[Fri May 10 06:49:55.564453 2019] [ssl:warn] [pid 1920:tid 336] AH01909: technoshop.loc:443:0 server certificate does NOT include an ID which matches the server name
[Fri May 10 06:49:55.611328 2019] [ssl:warn] [pid 1920:tid 336] AH01909: technoshop.loc:443:0 server certificate does NOT include an ID which matches the server name
[Sat May 11 12:01:53.908203 2019] [ssl:warn] [pid 1416:tid 432] AH01909: technoshop.loc:443:0 server certificate does NOT include an ID which matches the server name
[Sat May 11 12:01:54.173828 2019] [ssl:warn] [pid 1416:tid 432] AH01909: technoshop.loc:443:0 server certificate does NOT include an ID which matches the server name
[Sat May 11 12:01:57.345703 2019] [ssl:warn] [pid 1892:tid 336] AH01909: technoshop.loc:443:0 server certificate does NOT include an ID which matches the server name
[Sat May 11 12:01:57.408203 2019] [ssl:warn] [pid 1892:tid 336] AH01909: technoshop.loc:443:0 server certificate does NOT include an ID which matches the server name
[Sun May 12 05:22:37.955078 2019] [ssl:warn] [pid 1424:tid 432] AH01909: technoshop.loc:443:0 server certificate does NOT include an ID which matches the server name
[Sun May 12 05:22:38.220703 2019] [ssl:warn] [pid 1424:tid 432] AH01909: technoshop.loc:443:0 server certificate does NOT include an ID which matches the server name
[Sun May 12 05:22:41.189453 2019] [ssl:warn] [pid 1892:tid 336] AH01909: technoshop.loc:443:0 server certificate does NOT include an ID which matches the server name
[Sun May 12 05:22:41.220703 2019] [ssl:warn] [pid 1892:tid 336] AH01909: technoshop.loc:443:0 server certificate does NOT include an ID which matches the server name
[Mon May 13 01:12:55.658203 2019] [ssl:warn] [pid 1432:tid 432] AH01909: technoshop.loc:443:0 server certificate does NOT include an ID which matches the server name
[Mon May 13 01:12:55.814453 2019] [ssl:warn] [pid 1432:tid 432] AH01909: technoshop.loc:443:0 server certificate does NOT include an ID which matches the server name
[Mon May 13 01:12:58.345703 2019] [ssl:warn] [pid 1812:tid 336] AH01909: technoshop.loc:443:0 server certificate does NOT include an ID which matches the server name
[Mon May 13 01:12:58.392578 2019] [ssl:warn] [pid 1812:tid 336] AH01909: technoshop.loc:443:0 server certificate does NOT include an ID which matches the server name
[Mon May 13 06:51:04.939453 2019] [ssl:warn] [pid 1436:tid 432] AH01909: technoshop.loc:443:0 server certificate does NOT include an ID which matches the server name
[Mon May 13 06:51:05.173828 2019] [ssl:warn] [pid 1436:tid 432] AH01909: technoshop.loc:443:0 server certificate does NOT include an ID which matches the server name
[Mon May 13 06:51:13.439453 2019] [ssl:warn] [pid 1292:tid 336] AH01909: technoshop.loc:443:0 server certificate does NOT include an ID which matches the server name
[Mon May 13 06:51:13.548828 2019] [ssl:warn] [pid 1292:tid 336] AH01909: technoshop.loc:443:0 server certificate does NOT include an ID which matches the server name
[Mon May 13 11:58:45.814453 2019] [ssl:warn] [pid 1420:tid 432] AH01909: technoshop.loc:443:0 server certificate does NOT include an ID which matches the server name
[Mon May 13 11:58:46.173828 2019] [ssl:warn] [pid 1420:tid 432] AH01909: technoshop.loc:443:0 server certificate does NOT include an ID which matches the server name
[Mon May 13 11:58:55.845703 2019] [ssl:warn] [pid 1412:tid 336] AH01909: technoshop.loc:443:0 server certificate does NOT include an ID which matches the server name
[Mon May 13 11:58:55.939453 2019] [ssl:warn] [pid 1412:tid 336] AH01909: technoshop.loc:443:0 server certificate does NOT include an ID which matches the server name
[Tue May 14 00:42:43.400390 2019] [ssl:warn] [pid 1436:tid 432] AH01909: technoshop.loc:443:0 server certificate does NOT include an ID which matches the server name
[Tue May 14 00:42:43.681640 2019] [ssl:warn] [pid 1436:tid 432] AH01909: technoshop.loc:443:0 server certificate does NOT include an ID which matches the server name
[Tue May 14 00:42:46.322265 2019] [ssl:warn] [pid 1820:tid 336] AH01909: technoshop.loc:443:0 server certificate does NOT include an ID which matches the server name
[Tue May 14 00:42:46.384765 2019] [ssl:warn] [pid 1820:tid 336] AH01909: technoshop.loc:443:0 server certificate does NOT include an ID which matches the server name
[Tue May 14 08:49:33.806640 2019] [ssl:warn] [pid 1440:tid 432] AH01909: technoshop.loc:443:0 server certificate does NOT include an ID which matches the server name
[Tue May 14 08:49:34.087890 2019] [ssl:warn] [pid 1440:tid 432] AH01909: technoshop.loc:443:0 server certificate does NOT include an ID which matches the server name
[Tue May 14 08:49:36.650390 2019] [ssl:warn] [pid 1816:tid 336] AH01909: technoshop.loc:443:0 server certificate does NOT include an ID which matches the server name
[Tue May 14 08:49:36.712890 2019] [ssl:warn] [pid 1816:tid 336] AH01909: technoshop.loc:443:0 server certificate does NOT include an ID which matches the server name
[Wed May 15 02:38:47.330078 2019] [ssl:warn] [pid 1420:tid 432] AH01909: technoshop.loc:443:0 server certificate does NOT include an ID which matches the server name
[Wed May 15 02:38:47.486328 2019] [ssl:warn] [pid 1420:tid 432] AH01909: technoshop.loc:443:0 server certificate does NOT include an ID which matches the server name
[Wed May 15 02:38:50.158203 2019] [ssl:warn] [pid 1796:tid 336] AH01909: technoshop.loc:443:0 server certificate does NOT include an ID which matches the server name
[Wed May 15 02:38:50.205078 2019] [ssl:warn] [pid 1796:tid 336] AH01909: technoshop.loc:443:0 server certificate does NOT include an ID which matches the server name
[Wed May 15 04:07:05.220703 2019] [ssl:warn] [pid 1428:tid 432] AH01909: technoshop.loc:443:0 server certificate does NOT include an ID which matches the server name
[Wed May 15 04:07:05.361328 2019] [ssl:warn] [pid 1428:tid 432] AH01909: technoshop.loc:443:0 server certificate does NOT include an ID which matches the server name
[Wed May 15 04:07:08.126953 2019] [ssl:warn] [pid 1812:tid 336] AH01909: technoshop.loc:443:0 server certificate does NOT include an ID which matches the server name
[Wed May 15 04:07:08.189453 2019] [ssl:warn] [pid 1812:tid 336] AH01909: technoshop.loc:443:0 server certificate does NOT include an ID which matches the server name
[Wed May 15 09:40:34.876953 2019] [ssl:warn] [pid 1432:tid 432] AH01909: technoshop.loc:443:0 server certificate does NOT include an ID which matches the server name
[Wed May 15 09:40:35.142578 2019] [ssl:warn] [pid 1432:tid 432] AH01909: technoshop.loc:443:0 server certificate does NOT include an ID which matches the server name
[Wed May 15 09:40:37.611328 2019] [ssl:warn] [pid 1820:tid 336] AH01909: technoshop.loc:443:0 server certificate does NOT include an ID which matches the server name
[Wed May 15 09:40:37.689453 2019] [ssl:warn] [pid 1820:tid 336] AH01909: technoshop.loc:443:0 server certificate does NOT include an ID which matches the server name
[Thu May 16 01:32:37.259765 2019] [ssl:warn] [pid 1412:tid 432] AH01909: technoshop.loc:443:0 server certificate does NOT include an ID which matches the server name
[Thu May 16 01:32:37.541015 2019] [ssl:warn] [pid 1412:tid 432] AH01909: technoshop.loc:443:0 server certificate does NOT include an ID which matches the server name
[Thu May 16 01:32:40.822265 2019] [ssl:warn] [pid 1888:tid 336] AH01909: technoshop.loc:443:0 server certificate does NOT include an ID which matches the server name
[Thu May 16 01:32:40.884765 2019] [ssl:warn] [pid 1888:tid 336] AH01909: technoshop.loc:443:0 server certificate does NOT include an ID which matches the server name
[Thu May 16 04:57:24.150390 2019] [ssl:warn] [pid 1432:tid 432] AH01909: technoshop.loc:443:0 server certificate does NOT include an ID which matches the server name
[Thu May 16 04:57:24.306640 2019] [ssl:warn] [pid 1432:tid 432] AH01909: technoshop.loc:443:0 server certificate does NOT include an ID which matches the server name
[Thu May 16 04:57:27.009765 2019] [ssl:warn] [pid 1800:tid 336] AH01909: technoshop.loc:443:0 server certificate does NOT include an ID which matches the server name
[Thu May 16 04:57:27.056640 2019] [ssl:warn] [pid 1800:tid 336] AH01909: technoshop.loc:443:0 server certificate does NOT include an ID which matches the server name
[Thu May 16 08:03:08.150390 2019] [ssl:warn] [pid 1432:tid 432] AH01909: technoshop.loc:443:0 server certificate does NOT include an ID which matches the server name
[Thu May 16 08:03:08.416015 2019] [ssl:warn] [pid 1432:tid 432] AH01909: technoshop.loc:443:0 server certificate does NOT include an ID which matches the server name
[Thu May 16 08:03:10.978515 2019] [ssl:warn] [pid 1812:tid 336] AH01909: technoshop.loc:443:0 server certificate does NOT include an ID which matches the server name
[Thu May 16 08:03:11.025390 2019] [ssl:warn] [pid 1812:tid 336] AH01909: technoshop.loc:443:0 server certificate does NOT include an ID which matches the server name
[Fri May 17 00:39:54.111328 2019] [ssl:warn] [pid 1436:tid 432] AH01909: technoshop.loc:443:0 server certificate does NOT include an ID which matches the server name
[Fri May 17 00:39:54.408203 2019] [ssl:warn] [pid 1436:tid 432] AH01909: technoshop.loc:443:0 server certificate does NOT include an ID which matches the server name
[Fri May 17 00:39:56.986328 2019] [ssl:warn] [pid 1824:tid 336] AH01909: technoshop.loc:443:0 server certificate does NOT include an ID which matches the server name
[Fri May 17 00:39:57.048828 2019] [ssl:warn] [pid 1824:tid 336] AH01909: technoshop.loc:443:0 server certificate does NOT include an ID which matches the server name
[Fri May 17 09:52:07.306640 2019] [ssl:warn] [pid 1436:tid 432] AH01909: technoshop.loc:443:0 server certificate does NOT include an ID which matches the server name
[Fri May 17 09:52:07.572265 2019] [ssl:warn] [pid 1436:tid 432] AH01909: technoshop.loc:443:0 server certificate does NOT include an ID which matches the server name
[Fri May 17 09:52:10.087890 2019] [ssl:warn] [pid 1812:tid 336] AH01909: technoshop.loc:443:0 server certificate does NOT include an ID which matches the server name
[Fri May 17 09:52:10.134765 2019] [ssl:warn] [pid 1812:tid 336] AH01909: technoshop.loc:443:0 server certificate does NOT include an ID which matches the server name
[Sat May 18 07:46:15.509765 2019] [ssl:warn] [pid 1416:tid 432] AH01909: technoshop.loc:443:0 server certificate does NOT include an ID which matches the server name
[Sat May 18 07:46:15.759765 2019] [ssl:warn] [pid 1416:tid 432] AH01909: technoshop.loc:443:0 server certificate does NOT include an ID which matches the server name
[Sat May 18 07:46:19.759765 2019] [ssl:warn] [pid 1976:tid 336] AH01909: technoshop.loc:443:0 server certificate does NOT include an ID which matches the server name
[Sat May 18 07:46:19.806640 2019] [ssl:warn] [pid 1976:tid 336] AH01909: technoshop.loc:443:0 server certificate does NOT include an ID which matches the server name
[Sun May 19 00:06:48.923828 2019] [ssl:warn] [pid 1452:tid 432] AH01909: technoshop.loc:443:0 server certificate does NOT include an ID which matches the server name
[Sun May 19 00:06:49.142578 2019] [ssl:warn] [pid 1452:tid 432] AH01909: technoshop.loc:443:0 server certificate does NOT include an ID which matches the server name
[Sun May 19 00:06:53.001953 2019] [ssl:warn] [pid 1996:tid 336] AH01909: technoshop.loc:443:0 server certificate does NOT include an ID which matches the server name
[Sun May 19 00:06:53.064453 2019] [ssl:warn] [pid 1996:tid 336] AH01909: technoshop.loc:443:0 server certificate does NOT include an ID which matches the server name
[Mon May 20 01:13:37.548828 2019] [ssl:warn] [pid 1436:tid 432] AH01909: technoshop.loc:443:0 server certificate does NOT include an ID which matches the server name
[Mon May 20 01:13:37.705078 2019] [ssl:warn] [pid 1436:tid 432] AH01909: technoshop.loc:443:0 server certificate does NOT include an ID which matches the server name
[Mon May 20 01:13:40.220703 2019] [ssl:warn] [pid 1820:tid 336] AH01909: technoshop.loc:443:0 server certificate does NOT include an ID which matches the server name
[Mon May 20 01:13:40.267578 2019] [ssl:warn] [pid 1820:tid 336] AH01909: technoshop.loc:443:0 server certificate does NOT include an ID which matches the server name
[Mon May 20 10:05:52.759765 2019] [ssl:warn] [pid 1444:tid 432] AH01909: technoshop.loc:443:0 server certificate does NOT include an ID which matches the server name
[Mon May 20 10:05:52.978515 2019] [ssl:warn] [pid 1444:tid 432] AH01909: technoshop.loc:443:0 server certificate does NOT include an ID which matches the server name
[Mon May 20 10:05:55.509765 2019] [ssl:warn] [pid 1832:tid 336] AH01909: technoshop.loc:443:0 server certificate does NOT include an ID which matches the server name
[Mon May 20 10:05:55.572265 2019] [ssl:warn] [pid 1832:tid 336] AH01909: technoshop.loc:443:0 server certificate does NOT include an ID which matches the server name
[Tue May 21 01:01:20.095703 2019] [ssl:warn] [pid 1452:tid 432] AH01909: technoshop.loc:443:0 server certificate does NOT include an ID which matches the server name
[Tue May 21 01:01:20.330078 2019] [ssl:warn] [pid 1452:tid 432] AH01909: technoshop.loc:443:0 server certificate does NOT include an ID which matches the server name
[Tue May 21 01:01:24.064453 2019] [ssl:warn] [pid 2004:tid 336] AH01909: technoshop.loc:443:0 server certificate does NOT include an ID which matches the server name
[Tue May 21 01:01:24.126953 2019] [ssl:warn] [pid 2004:tid 336] AH01909: technoshop.loc:443:0 server certificate does NOT include an ID which matches the server name
[Tue May 21 04:53:17.095703 2019] [ssl:warn] [pid 1416:tid 432] AH01909: technoshop.loc:443:0 server certificate does NOT include an ID which matches the server name
[Tue May 21 04:53:17.236328 2019] [ssl:warn] [pid 1416:tid 432] AH01909: technoshop.loc:443:0 server certificate does NOT include an ID which matches the server name
[Tue May 21 04:53:19.767578 2019] [ssl:warn] [pid 1808:tid 336] AH01909: technoshop.loc:443:0 server certificate does NOT include an ID which matches the server name
[Tue May 21 04:53:19.814453 2019] [ssl:warn] [pid 1808:tid 336] AH01909: technoshop.loc:443:0 server certificate does NOT include an ID which matches the server name
[Tue May 21 09:18:50.181640 2019] [ssl:warn] [pid 1432:tid 432] AH01909: technoshop.loc:443:0 server certificate does NOT include an ID which matches the server name
[Tue May 21 09:18:50.541015 2019] [ssl:warn] [pid 1432:tid 432] AH01909: technoshop.loc:443:0 server certificate does NOT include an ID which matches the server name
[Tue May 21 09:18:53.212890 2019] [ssl:warn] [pid 1816:tid 336] AH01909: technoshop.loc:443:0 server certificate does NOT include an ID which matches the server name
[Tue May 21 09:18:53.259765 2019] [ssl:warn] [pid 1816:tid 336] AH01909: technoshop.loc:443:0 server certificate does NOT include an ID which matches the server name
[Wed May 22 09:21:35.556640 2019] [ssl:warn] [pid 1432:tid 432] AH01909: technoshop.loc:443:0 server certificate does NOT include an ID which matches the server name
[Wed May 22 09:21:35.744140 2019] [ssl:warn] [pid 1432:tid 432] AH01909: technoshop.loc:443:0 server certificate does NOT include an ID which matches the server name
[Wed May 22 09:21:45.853515 2019] [ssl:warn] [pid 2092:tid 336] AH01909: technoshop.loc:443:0 server certificate does NOT include an ID which matches the server name
[Wed May 22 09:21:45.900390 2019] [ssl:warn] [pid 2092:tid 336] AH01909: technoshop.loc:443:0 server certificate does NOT include an ID which matches the server name
[Thu May 23 00:22:33.486328 2019] [ssl:warn] [pid 1440:tid 432] AH01909: technoshop.loc:443:0 server certificate does NOT include an ID which matches the server name
[Thu May 23 00:22:33.626953 2019] [ssl:warn] [pid 1440:tid 432] AH01909: technoshop.loc:443:0 server certificate does NOT include an ID which matches the server name
[Thu May 23 00:22:36.251953 2019] [ssl:warn] [pid 1836:tid 336] AH01909: technoshop.loc:443:0 server certificate does NOT include an ID which matches the server name
[Thu May 23 00:22:36.298828 2019] [ssl:warn] [pid 1836:tid 336] AH01909: technoshop.loc:443:0 server certificate does NOT include an ID which matches the server name
[Thu May 23 09:21:55.986328 2019] [ssl:warn] [pid 1420:tid 432] AH01909: technoshop.loc:443:0 server certificate does NOT include an ID which matches the server name
[Thu May 23 09:21:56.236328 2019] [ssl:warn] [pid 1420:tid 432] AH01909: technoshop.loc:443:0 server certificate does NOT include an ID which matches the server name
[Thu May 23 09:22:04.767578 2019] [ssl:warn] [pid 1528:tid 336] AH01909: technoshop.loc:443:0 server certificate does NOT include an ID which matches the server name
[Thu May 23 09:22:04.830078 2019] [ssl:warn] [pid 1528:tid 336] AH01909: technoshop.loc:443:0 server certificate does NOT include an ID which matches the server name
[Fri May 24 00:41:22.626953 2019] [ssl:warn] [pid 1440:tid 432] AH01909: technoshop.loc:443:0 server certificate does NOT include an ID which matches the server name
[Fri May 24 00:41:22.798828 2019] [ssl:warn] [pid 1440:tid 432] AH01909: technoshop.loc:443:0 server certificate does NOT include an ID which matches the server name
[Fri May 24 00:41:25.361328 2019] [ssl:warn] [pid 1832:tid 336] AH01909: technoshop.loc:443:0 server certificate does NOT include an ID which matches the server name
[Fri May 24 00:41:25.423828 2019] [ssl:warn] [pid 1832:tid 336] AH01909: technoshop.loc:443:0 server certificate does NOT include an ID which matches the server name
[Fri May 24 09:36:15.603515 2019] [ssl:warn] [pid 1440:tid 432] AH01909: technoshop.loc:443:0 server certificate does NOT include an ID which matches the server name
[Fri May 24 09:36:15.884765 2019] [ssl:warn] [pid 1440:tid 432] AH01909: technoshop.loc:443:0 server certificate does NOT include an ID which matches the server name
[Fri May 24 09:36:18.416015 2019] [ssl:warn] [pid 1828:tid 336] AH01909: technoshop.loc:443:0 server certificate does NOT include an ID which matches the server name
[Fri May 24 09:36:18.462890 2019] [ssl:warn] [pid 1828:tid 336] AH01909: technoshop.loc:443:0 server certificate does NOT include an ID which matches the server name
[Sat May 25 10:41:47.845703 2019] [ssl:warn] [pid 1440:tid 432] AH01909: technoshop.loc:443:0 server certificate does NOT include an ID which matches the server name
[Sat May 25 10:41:48.111328 2019] [ssl:warn] [pid 1440:tid 432] AH01909: technoshop.loc:443:0 server certificate does NOT include an ID which matches the server name
[Sat May 25 10:42:20.545898 2019] [ssl:warn] [pid 2488:tid 336] AH01909: technoshop.loc:443:0 server certificate does NOT include an ID which matches the server name
[Sat May 25 10:42:21.969726 2019] [ssl:warn] [pid 2488:tid 336] AH01909: technoshop.loc:443:0 server certificate does NOT include an ID which matches the server name
[Sun May 26 13:22:35.173828 2019] [ssl:warn] [pid 1428:tid 432] AH01909: technoshop.loc:443:0 server certificate does NOT include an ID which matches the server name
[Sun May 26 13:22:35.376953 2019] [ssl:warn] [pid 1428:tid 432] AH01909: technoshop.loc:443:0 server certificate does NOT include an ID which matches the server name
[Sun May 26 13:22:39.564453 2019] [ssl:warn] [pid 1996:tid 336] AH01909: technoshop.loc:443:0 server certificate does NOT include an ID which matches the server name
[Sun May 26 13:22:39.626953 2019] [ssl:warn] [pid 1996:tid 336] AH01909: technoshop.loc:443:0 server certificate does NOT include an ID which matches the server name
[Sun May 26 19:07:13.431640 2019] [ssl:warn] [pid 1448:tid 432] AH01909: technoshop.loc:443:0 server certificate does NOT include an ID which matches the server name
[Sun May 26 19:07:13.759765 2019] [ssl:warn] [pid 1448:tid 432] AH01909: technoshop.loc:443:0 server certificate does NOT include an ID which matches the server name
[Sun May 26 19:07:44.741210 2019] [ssl:warn] [pid 2508:tid 336] AH01909: technoshop.loc:443:0 server certificate does NOT include an ID which matches the server name
[Sun May 26 19:07:45.886718 2019] [ssl:warn] [pid 2508:tid 336] AH01909: technoshop.loc:443:0 server certificate does NOT include an ID which matches the server name
[Mon May 27 05:20:36.783203 2019] [ssl:warn] [pid 1428:tid 432] AH01909: technoshop.loc:443:0 server certificate does NOT include an ID which matches the server name
[Mon May 27 05:20:36.970703 2019] [ssl:warn] [pid 1428:tid 432] AH01909: technoshop.loc:443:0 server certificate does NOT include an ID which matches the server name
[Mon May 27 05:20:39.595703 2019] [ssl:warn] [pid 1816:tid 336] AH01909: technoshop.loc:443:0 server certificate does NOT include an ID which matches the server name
[Mon May 27 05:20:39.642578 2019] [ssl:warn] [pid 1816:tid 336] AH01909: technoshop.loc:443:0 server certificate does NOT include an ID which matches the server name
[Mon May 27 08:46:26.931640 2019] [ssl:warn] [pid 1436:tid 432] AH01909: technoshop.loc:443:0 server certificate does NOT include an ID which matches the server name
[Mon May 27 08:46:27.087890 2019] [ssl:warn] [pid 1436:tid 432] AH01909: technoshop.loc:443:0 server certificate does NOT include an ID which matches the server name
[Mon May 27 08:46:29.744140 2019] [ssl:warn] [pid 1828:tid 336] AH01909: technoshop.loc:443:0 server certificate does NOT include an ID which matches the server name
[Mon May 27 08:46:29.806640 2019] [ssl:warn] [pid 1828:tid 336] AH01909: technoshop.loc:443:0 server certificate does NOT include an ID which matches the server name
[Tue May 28 09:40:59.001953 2019] [ssl:warn] [pid 1456:tid 432] AH01909: technoshop.loc:443:0 server certificate does NOT include an ID which matches the server name
[Tue May 28 09:40:59.251953 2019] [ssl:warn] [pid 1456:tid 432] AH01909: technoshop.loc:443:0 server certificate does NOT include an ID which matches the server name
[Tue May 28 09:41:08.876953 2019] [ssl:warn] [pid 2164:tid 336] AH01909: technoshop.loc:443:0 server certificate does NOT include an ID which matches the server name
[Tue May 28 09:41:08.939453 2019] [ssl:warn] [pid 2164:tid 336] AH01909: technoshop.loc:443:0 server certificate does NOT include an ID which matches the server name
[Tue May 28 10:33:40.314453 2019] [ssl:warn] [pid 1444:tid 432] AH01909: technoshop.loc:443:0 server certificate does NOT include an ID which matches the server name
[Tue May 28 10:33:40.439453 2019] [ssl:warn] [pid 1444:tid 432] AH01909: technoshop.loc:443:0 server certificate does NOT include an ID which matches the server name
[Tue May 28 10:33:42.923828 2019] [ssl:warn] [pid 1832:tid 336] AH01909: technoshop.loc:443:0 server certificate does NOT include an ID which matches the server name
[Tue May 28 10:33:42.970703 2019] [ssl:warn] [pid 1832:tid 336] AH01909: technoshop.loc:443:0 server certificate does NOT include an ID which matches the server name
[Tue May 28 11:01:31.611328 2019] [ssl:warn] [pid 1428:tid 432] AH01909: technoshop.loc:443:0 server certificate does NOT include an ID which matches the server name
[Tue May 28 11:01:31.814453 2019] [ssl:warn] [pid 1428:tid 432] AH01909: technoshop.loc:443:0 server certificate does NOT include an ID which matches the server name
[Tue May 28 11:01:40.689453 2019] [ssl:warn] [pid 1340:tid 336] AH01909: technoshop.loc:443:0 server certificate does NOT include an ID which matches the server name
[Tue May 28 11:01:40.751953 2019] [ssl:warn] [pid 1340:tid 336] AH01909: technoshop.loc:443:0 server certificate does NOT include an ID which matches the server name
[Wed May 29 09:32:56.283203 2019] [ssl:warn] [pid 1432:tid 432] AH01909: technoshop.loc:443:0 server certificate does NOT include an ID which matches the server name
[Wed May 29 09:32:56.423828 2019] [ssl:warn] [pid 1432:tid 432] AH01909: technoshop.loc:443:0 server certificate does NOT include an ID which matches the server name
[Wed May 29 09:32:58.939453 2019] [ssl:warn] [pid 1832:tid 336] AH01909: technoshop.loc:443:0 server certificate does NOT include an ID which matches the server name
[Wed May 29 09:32:59.001953 2019] [ssl:warn] [pid 1832:tid 336] AH01909: technoshop.loc:443:0 server certificate does NOT include an ID which matches the server name
[Thu May 30 02:22:33.541015 2019] [ssl:warn] [pid 1440:tid 432] AH01909: technoshop.loc:443:0 server certificate does NOT include an ID which matches the server name
[Thu May 30 02:22:33.884765 2019] [ssl:warn] [pid 1440:tid 432] AH01909: technoshop.loc:443:0 server certificate does NOT include an ID which matches the server name
[Thu May 30 02:22:37.837890 2019] [ssl:warn] [pid 1984:tid 336] AH01909: technoshop.loc:443:0 server certificate does NOT include an ID which matches the server name
[Thu May 30 02:22:37.900390 2019] [ssl:warn] [pid 1984:tid 336] AH01909: technoshop.loc:443:0 server certificate does NOT include an ID which matches the server name
[Thu May 30 03:54:51.009765 2019] [ssl:warn] [pid 1436:tid 432] AH01909: technoshop.loc:443:0 server certificate does NOT include an ID which matches the server name
[Thu May 30 03:54:51.150390 2019] [ssl:warn] [pid 1436:tid 432] AH01909: technoshop.loc:443:0 server certificate does NOT include an ID which matches the server name
[Thu May 30 03:54:53.775390 2019] [ssl:warn] [pid 1816:tid 336] AH01909: technoshop.loc:443:0 server certificate does NOT include an ID which matches the server name
[Thu May 30 03:54:53.822265 2019] [ssl:warn] [pid 1816:tid 336] AH01909: technoshop.loc:443:0 server certificate does NOT include an ID which matches the server name
[Thu May 30 07:31:51.056640 2019] [ssl:warn] [pid 1416:tid 432] AH01909: technoshop.loc:443:0 server certificate does NOT include an ID which matches the server name
[Thu May 30 07:31:51.306640 2019] [ssl:warn] [pid 1416:tid 432] AH01909: technoshop.loc:443:0 server certificate does NOT include an ID which matches the server name
[Thu May 30 07:31:53.884765 2019] [ssl:warn] [pid 1812:tid 336] AH01909: technoshop.loc:443:0 server certificate does NOT include an ID which matches the server name
[Thu May 30 07:31:53.931640 2019] [ssl:warn] [pid 1812:tid 336] AH01909: technoshop.loc:443:0 server certificate does NOT include an ID which matches the server name
[Thu May 30 20:04:49.095703 2019] [ssl:warn] [pid 1432:tid 432] AH01909: technoshop.loc:443:0 server certificate does NOT include an ID which matches the server name
[Thu May 30 20:04:49.283203 2019] [ssl:warn] [pid 1432:tid 432] AH01909: technoshop.loc:443:0 server certificate does NOT include an ID which matches the server name
[Thu May 30 20:04:54.298828 2019] [ssl:warn] [pid 1068:tid 336] AH01909: technoshop.loc:443:0 server certificate does NOT include an ID which matches the server name
[Thu May 30 20:04:54.408203 2019] [ssl:warn] [pid 1068:tid 336] AH01909: technoshop.loc:443:0 server certificate does NOT include an ID which matches the server name
[Fri May 31 00:14:54.853515 2019] [ssl:warn] [pid 1420:tid 432] AH01909: technoshop.loc:443:0 server certificate does NOT include an ID which matches the server name
[Fri May 31 00:14:55.087890 2019] [ssl:warn] [pid 1420:tid 432] AH01909: technoshop.loc:443:0 server certificate does NOT include an ID which matches the server name
[Fri May 31 00:14:57.712890 2019] [ssl:warn] [pid 1800:tid 336] AH01909: technoshop.loc:443:0 server certificate does NOT include an ID which matches the server name
[Fri May 31 00:14:57.775390 2019] [ssl:warn] [pid 1800:tid 336] AH01909: technoshop.loc:443:0 server certificate does NOT include an ID which matches the server name
[Fri May 31 10:36:24.486328 2019] [ssl:warn] [pid 1448:tid 432] AH01909: technoshop.loc:443:0 server certificate does NOT include an ID which matches the server name
[Fri May 31 10:36:24.892578 2019] [ssl:warn] [pid 1448:tid 432] AH01909: technoshop.loc:443:0 server certificate does NOT include an ID which matches the server name
[Fri May 31 10:36:33.330078 2019] [ssl:warn] [pid 1544:tid 336] AH01909: technoshop.loc:443:0 server certificate does NOT include an ID which matches the server name
[Fri May 31 10:36:33.439453 2019] [ssl:warn] [pid 1544:tid 336] AH01909: technoshop.loc:443:0 server certificate does NOT include an ID which matches the server name
[Sat Jun 01 09:33:11.056640 2019] [ssl:warn] [pid 1448:tid 432] AH01909: technoshop.loc:443:0 server certificate does NOT include an ID which matches the server name
[Sat Jun 01 09:33:11.369140 2019] [ssl:warn] [pid 1448:tid 432] AH01909: technoshop.loc:443:0 server certificate does NOT include an ID which matches the server name
[Sat Jun 01 09:33:15.212890 2019] [ssl:warn] [pid 1996:tid 336] AH01909: technoshop.loc:443:0 server certificate does NOT include an ID which matches the server name
[Sat Jun 01 09:33:15.244140 2019] [ssl:warn] [pid 1996:tid 336] AH01909: technoshop.loc:443:0 server certificate does NOT include an ID which matches the server name
[Sun Jun 02 09:30:14.158203 2019] [ssl:warn] [pid 1432:tid 432] AH01909: technoshop.loc:443:0 server certificate does NOT include an ID which matches the server name
[Sun Jun 02 09:30:14.345703 2019] [ssl:warn] [pid 1432:tid 432] AH01909: technoshop.loc:443:0 server certificate does NOT include an ID which matches the server name
[Sun Jun 02 09:30:23.095703 2019] [ssl:warn] [pid 1476:tid 336] AH01909: technoshop.loc:443:0 server certificate does NOT include an ID which matches the server name
[Sun Jun 02 09:30:23.173828 2019] [ssl:warn] [pid 1476:tid 336] AH01909: technoshop.loc:443:0 server certificate does NOT include an ID which matches the server name
[Sun Jun 02 16:24:15.939453 2019] [ssl:warn] [pid 1448:tid 432] AH01909: technoshop.loc:443:0 server certificate does NOT include an ID which matches the server name
[Sun Jun 02 16:24:16.220703 2019] [ssl:warn] [pid 1448:tid 432] AH01909: technoshop.loc:443:0 server certificate does NOT include an ID which matches the server name
[Sun Jun 02 16:24:18.892578 2019] [ssl:warn] [pid 1840:tid 336] AH01909: technoshop.loc:443:0 server certificate does NOT include an ID which matches the server name
[Sun Jun 02 16:24:18.939453 2019] [ssl:warn] [pid 1840:tid 336] AH01909: technoshop.loc:443:0 server certificate does NOT include an ID which matches the server name
[Mon Jun 03 09:47:27.033203 2019] [ssl:warn] [pid 1420:tid 432] AH01909: technoshop.loc:443:0 server certificate does NOT include an ID which matches the server name
[Mon Jun 03 09:47:27.173828 2019] [ssl:warn] [pid 1420:tid 432] AH01909: technoshop.loc:443:0 server certificate does NOT include an ID which matches the server name
[Mon Jun 03 09:47:37.470703 2019] [ssl:warn] [pid 2132:tid 336] AH01909: technoshop.loc:443:0 server certificate does NOT include an ID which matches the server name
[Mon Jun 03 09:47:37.548828 2019] [ssl:warn] [pid 2132:tid 336] AH01909: technoshop.loc:443:0 server certificate does NOT include an ID which matches the server name
[Tue Jun 04 08:34:24.947265 2019] [ssl:warn] [pid 1436:tid 432] AH01909: technoshop.loc:443:0 server certificate does NOT include an ID which matches the server name
[Tue Jun 04 08:34:25.228515 2019] [ssl:warn] [pid 1436:tid 432] AH01909: technoshop.loc:443:0 server certificate does NOT include an ID which matches the server name
[Tue Jun 04 08:34:32.072265 2019] [ssl:warn] [pid 908:tid 336] AH01909: technoshop.loc:443:0 server certificate does NOT include an ID which matches the server name
[Tue Jun 04 08:34:32.197265 2019] [ssl:warn] [pid 908:tid 336] AH01909: technoshop.loc:443:0 server certificate does NOT include an ID which matches the server name
[Wed Jun 05 11:07:34.291015 2019] [ssl:warn] [pid 1440:tid 432] AH01909: technoshop.loc:443:0 server certificate does NOT include an ID which matches the server name
[Wed Jun 05 11:07:34.556640 2019] [ssl:warn] [pid 1440:tid 432] AH01909: technoshop.loc:443:0 server certificate does NOT include an ID which matches the server name
[Wed Jun 05 11:07:44.025390 2019] [ssl:warn] [pid 2160:tid 336] AH01909: technoshop.loc:443:0 server certificate does NOT include an ID which matches the server name
[Wed Jun 05 11:07:44.103515 2019] [ssl:warn] [pid 2160:tid 336] AH01909: technoshop.loc:443:0 server certificate does NOT include an ID which matches the server name
[Thu Jun 06 18:26:36.126953 2019] [ssl:warn] [pid 1428:tid 432] AH01909: technoshop.loc:443:0 server certificate does NOT include an ID which matches the server name
[Thu Jun 06 18:26:36.283203 2019] [ssl:warn] [pid 1428:tid 432] AH01909: technoshop.loc:443:0 server certificate does NOT include an ID which matches the server name
[Thu Jun 06 18:26:38.814453 2019] [ssl:warn] [pid 1832:tid 336] AH01909: technoshop.loc:443:0 server certificate does NOT include an ID which matches the server name
[Thu Jun 06 18:26:38.876953 2019] [ssl:warn] [pid 1832:tid 336] AH01909: technoshop.loc:443:0 server certificate does NOT include an ID which matches the server name
[Fri Jun 07 04:59:33.908203 2019] [ssl:warn] [pid 1440:tid 432] AH01909: technoshop.loc:443:0 server certificate does NOT include an ID which matches the server name
[Fri Jun 07 04:59:34.158203 2019] [ssl:warn] [pid 1440:tid 432] AH01909: technoshop.loc:443:0 server certificate does NOT include an ID which matches the server name
[Fri Jun 07 04:59:37.783203 2019] [ssl:warn] [pid 1992:tid 336] AH01909: technoshop.loc:443:0 server certificate does NOT include an ID which matches the server name
[Fri Jun 07 04:59:37.814453 2019] [ssl:warn] [pid 1992:tid 336] AH01909: technoshop.loc:443:0 server certificate does NOT include an ID which matches the server name
[Fri Jun 07 11:45:51.611328 2019] [ssl:warn] [pid 1444:tid 432] AH01909: technoshop.loc:443:0 server certificate does NOT include an ID which matches the server name
[Fri Jun 07 11:45:51.783203 2019] [ssl:warn] [pid 1444:tid 432] AH01909: technoshop.loc:443:0 server certificate does NOT include an ID which matches the server name
[Fri Jun 07 11:45:54.392578 2019] [ssl:warn] [pid 1832:tid 336] AH01909: technoshop.loc:443:0 server certificate does NOT include an ID which matches the server name
[Fri Jun 07 11:45:54.423828 2019] [ssl:warn] [pid 1832:tid 336] AH01909: technoshop.loc:443:0 server certificate does NOT include an ID which matches the server name
